Arguments: 
  C:\Program Files\nodejs\node.exe C:\Program Files (x86)\Yarn\bin\yarn.js dev:h5

PATH: 
  C:\Program Files (x86)\Common Files\NetSarang;C:\Program Files (x86)\NetSarang\Xftp 6\;C:\Python27\;C:\Python27\Scripts;C:\ProgramData\Oracle\Java\javapath;C:\WINDOWS\system32;C:\WINDOWS;C:\WINDOWS\System32\Wbem;C:\WINDOWS\System32\WindowsPowerShell\v1.0\;C:\Program Files\Microsoft SQL Server\110\Tools\Binn\;C:\WINDOWS\System32\OpenSSH\;C:\Program Files\Microsoft VS Code\bin;C:\Program Files\Git\cmd;C:\Program Files\Java\jdk-9.0.4\bin;C:\Program Files\Java\jdk-9.0.4\jre\bin;C:\Program Files (x86)\Yarn\bin\;C:\Android\tools;C:\Android\platform-tools;C:\Program Files\TortoiseSVN\bin;C:\Program Files\nodejs\;C:\Program Files (x86)\Intel\Intel(R) Management Engine Components\DAL;C:\Program Files\Intel\Intel(R) Management Engine Components\DAL;C:\Users\21592\AppData\Local\Programs\Python\Python38\Scripts\;C:\Users\21592\AppData\Local\Programs\Python\Python38\;C:\Users\21592\AppData\Local\Microsoft\WindowsApps;C:\Users\21592\AppData\Local\GitHubDesktop\bin;C:\Program Files\Microsoft VS Code\bin;C:\Users\21592\AppData\Local\Yarn\bin;C:\Users\21592\AppData\Local\Microsoft\WindowsApps;C:\Users\21592\AppData\Roaming\npm;C:\sqlite;C:\Program Files\Java\jdk-9.0.4\bin;C:\Program Files\MongoDB\Server\4.0\bin;

Yarn version: 
  1.5.1

Node version: 
  12.11.1

Platform: 
  win32 x64

npm manifest: 
  {
    "name": "book",
    "version": "1.0.0",
    "private": true,
    "description": "这是一个看书的移动端app",
    "templateInfo": {
      "name": "redux",
      "typescript": true,
      "css": "sass"
    },
    "scripts": {
      "build:weapp": "taro build --type weapp",
      "build:swan": "taro build --type swan",
      "build:alipay": "taro build --type alipay",
      "build:tt": "taro build --type tt",
      "build:h5": "taro build --type h5",
      "build:rn": "taro build --type rn",
      "build:qq": "taro build --type qq",
      "build:jd": "taro build --type jd",
      "build:quickapp": "taro build --type quickapp",
      "dev:weapp": "npm run build:weapp -- --watch",
      "dev:swan": "npm run build:swan -- --watch",
      "dev:alipay": "npm run build:alipay -- --watch",
      "dev:tt": "npm run build:tt -- --watch",
      "dev:h5": "npm run build:h5 -- --watch",
      "dev:rn": "npm run build:rn -- --watch",
      "dev:qq": "npm run build:qq -- --watch",
      "dev:jd": "npm run build:jd -- --watch",
      "dev:quickapp": "npm run build:quickapp -- --watch"
    },
    "browserslist": [
      "last 3 versions",
      "Android >= 4.1",
      "ios >= 8"
    ],
    "author": "",
    "license": "MIT",
    "dependencies": {
      "@babel/runtime": "^7.7.7",
      "@tarojs/components": "3.0.9",
      "@tarojs/runtime": "3.0.9",
      "@tarojs/taro": "3.0.9",
      "redux-logger": "^3.0.6",
      "redux-thunk": "^2.3.0",
      "redux": "^4.0.0",
      "react-redux": "^7.2.0",
      "react-dom": "^16.10.0",
      "@tarojs/react": "3.0.9",
      "react": "^16.10.0"
    },
    "devDependencies": {
      "@types/webpack-env": "^1.13.6",
      "@types/react": "^16.0.0",
      "@tarojs/mini-runner": "3.0.9",
      "@babel/core": "^7.8.0",
      "@tarojs/webpack-runner": "3.0.9",
      "babel-preset-taro": "3.0.9",
      "eslint-config-taro": "3.0.9",
      "eslint": "^6.8.0",
      "eslint-plugin-react": "^7.8.2",
      "eslint-plugin-import": "^2.12.0",
      "eslint-plugin-react-hooks": "^1.6.1",
      "stylelint": "9.3.0",
      "@typescript-eslint/parser": "^2.x",
      "@typescript-eslint/eslint-plugin": "^2.x",
      "typescript": "^3.7.0"
    }
  }

yarn manifest: 
  No manifest

Lockfile: 
  No lockfile

Trace: 
  Error: Command failed.
  Exit code: 1
  Command: C:\WINDOWS\system32\cmd.exe
  Arguments: /d /s /c npm run build:h5 -- --watch
  Directory: C:\Users\21592\Desktop\git\react\Taro\book
  Output:
  
      at ProcessTermError.MessageError (C:\Program Files (x86)\Yarn\lib\cli.js:186:110)
      at new ProcessTermError (C:\Program Files (x86)\Yarn\lib\cli.js:226:113)
      at ChildProcess.<anonymous> (C:\Program Files (x86)\Yarn\lib\cli.js:30281:17)
      at ChildProcess.emit (events.js:210:5)
      at maybeClose (internal/child_process.js:1021:16)
      at Process.ChildProcess._handle.onexit (internal/child_process.js:283:5)
